================================================================================
Rule No. 241 : psubstrate_StampErrorFloat

Real Error Count : 3; Flat Error Count : 3
================================================================================

--------------------------------------------------------------------------------
Cell Name : INVX1 layout ee115c

                   Cell Errors    Real Errors   Cell Placements     Environments
                             3              3                 1                1
--------------------------------------------------------------------------------
Env.  Env. Placements            X1           Y1          X2           Y2

  1        1                  0.000        0.000       1.800        3.600

Shape               Environments Status & Error Marker 

          1           X1         Y1         X2         Y2

   1      X        0.000      0.000      1.800      3.600
   2      X        0.601      1.701      0.799      1.899
   3      X        1.401      1.701      1.599      1.899

================================================================================
Rule No. 245 : nwell_conn_StampErrorFloat

Real Error Count : 1; Flat Error Count : 1
================================================================================

--------------------------------------------------------------------------------
Cell Name : INVX1 layout ee115c

                   Cell Errors    Real Errors   Cell Placements     Environments
                             1              1                 1                1
--------------------------------------------------------------------------------
Env.  Env. Placements            X1           Y1          X2           Y2

  1        1                  0.000        1.800       1.800        3.300

Shape               Environments Status & Error Marker 

          1           X1         Y1         X2         Y2

   1      X        0.000      1.800      1.800      3.300

================================================================================
Rule No. 270 : NW.SE.2: Nwell to P+ Oxide spacing must be >= 0.3 um

Real Error Count : 1; Flat Error Count : 1
================================================================================

--------------------------------------------------------------------------------
Cell Name : INVX1 layout ee115c

                   Cell Errors    Real Errors   Cell Placements     Environments
                             1              1                 1                1
--------------------------------------------------------------------------------
Env.  Env. Placements            X1           Y1          X2           Y2

  1        1                  0.290        3.140       1.510        3.300

Shape               Environments Status & Error Marker 

          1           X1         Y1         X2         Y2

   1      X        0.290      3.140      1.510      3.300

================================================================================
Rule No. 277 : NW.E.2: Nwell to P+ Oxide enclosure must be >= 0.12 um

Real Error Count : 1; Flat Error Count : 1
================================================================================

--------------------------------------------------------------------------------
Cell Name : INVX1 layout ee115c

                   Cell Errors    Real Errors   Cell Placements     Environments
                             1              1                 1                1
--------------------------------------------------------------------------------
Env.  Env. Placements            X1           Y1          X2           Y2

  1        1                  0.290        3.300       1.510        3.460

Shape               Environments Status & Error Marker 

          1           X1         Y1         X2         Y2

   1      X        0.290      3.300      1.510      3.460

================================================================================
Rule No. 393 : PIMP.SP.1: Pimp to Pimp spacing must be >= 0.24 um

Real Error Count : 1; Flat Error Count : 1
================================================================================

--------------------------------------------------------------------------------
Cell Name : INVX1 layout ee115c

                   Cell Errors    Real Errors   Cell Placements     Environments
                             1              1                 1                1
--------------------------------------------------------------------------------
Env.  Env. Placements            X1           Y1          X2           Y2

  1        1                  0.587        2.860       1.312        3.060

Shape               Environments Status & Error Marker 

          1           X1         Y1         X2         Y2

   1      X        0.587      2.860      1.312      3.060

================================================================================
Rule No. 394 : PIMP.E.1: Pimp to Oxide enclosure must be >= 0.14 um

Real Error Count : 3; Flat Error Count : 3
================================================================================

--------------------------------------------------------------------------------
Cell Name : INVX1 layout ee115c

                   Cell Errors    Real Errors   Cell Placements     Environments
                             3              3                 1                1
--------------------------------------------------------------------------------
Env.  Env. Placements            X1           Y1          X2           Y2

  1        1                  0.210        3.060       1.590        3.415

Shape               Environments Status & Error Marker 

          1           X1         Y1         X2         Y2

   1      X        0.210      3.060      0.290      3.415
   2      X        0.210      3.060      1.590      3.140
   3      X        1.510      3.060      1.590      3.415

================================================================================
Rule No. 629 : LATCHUP.1: P+SD to NW tap spacing must be <= 25.0 um

Real Error Count : 2; Flat Error Count : 2
================================================================================

--------------------------------------------------------------------------------
Cell Name : INVX1 layout ee115c

                   Cell Errors    Real Errors   Cell Placements     Environments
                             2              2                 1                1
--------------------------------------------------------------------------------
Env.  Env. Placements            X1           Y1          X2           Y2

  1        1                  0.620        2.200       1.280        2.680

Shape               Environments Status & Error Marker 

          1           X1         Y1         X2         Y2

   1      X        0.620      2.200      0.900      2.680
   2      X        1.000      2.200      1.280      2.680

