\o Program:		@(#)$CDS: libManager version 6.1.7 - CAT35 06/12/2017 16:23 (sjfnl055) $
\o Sub version:		sub-version  s050 
\o Arguments:		-unmapped -mpssession virtuoso94453 -mpshost eeapps01.seas.ucla.edu 
\o Working Directory:	eeapps01.seas.ucla.edu:/w/home.15/ee/ugrad/farooq/ee115c
\o 64-bit offsets
\o Qt version: 		4.8.5
\o changeWorkingDir("/w/home.15/ee/ugrad/farooq/ee115c") unnecessary.
\o ddSetForcedLib("") unnecessary.
\o Log file is "/w/home.15/ee/ugrad/farooq/ee115c/libManager.log".
\o Opening libManager window.
\a nrSetWindowVisibility(cdsLibManager "show")
\o MPS service: map window
\a nrSetCurrentWindow(cdsLibManager)
\o Library Manager customization server connected.
\w Warning: The directory: '/w/home.15/ee/ugrad/daragh/shared_proj/ee115c/ee115c' does not exist
\w 	but was defined in libFile '/w/home.15/ee/ugrad/farooq/ee115c/cds.lib' for Lib 'Project'.
\a nrResizeWindow(cdsLibManager list(435 286 602 486))
\a nrResizeWindow(cdsLibManager list(3 42 602 486))
\a cdsLibManager->libListBox->value = "Proj2"
\a cdsLibManager->libLineEdit->value = "Proj2"
\a lmgrLogShowPopup("mainListPopup0" 23 30 2 "Proj2")
\a cdsLibManager->editChangeRefsButton->value = t
\a nrSetWindowVisibility(changeRefDialog "show")
\a nrSetCurrentWindow(changeRefDialog)
\a nrResizeWindow(changeRefDialog list(0 0 690 533))
\a changeRefDialog->inLibsListWidget->value = '("Proj2" )
\a changeRefDialog->Cancel->value = t
\a nrSetCurrentWindow(cdsLibManager)
\a cdsLibManager->editLibraryPathButton->value = t
\o Starting the cdsLibEditor...
\a nrSetCurrentWindow(cdsLibManager)
\a cdsLibManager->libListBox->value = "TB_PROJ"
\a cdsLibManager->libLineEdit->value = "TB_PROJ"
\a cdsLibManager->cellListBox->value = "Abs_Value_Detector"
\a cdsLibManager->cellLineEdit->value = "Abs_Value_Detector"
\a cdsLibManager->viewListBox->value = "layout"
\a cdsLibManager->viewLineEdit->value = "layout"
\a cdsLibManager->viewListBox->value = "av_extracted"
\a cdsLibManager->viewLineEdit->value = "av_extracted"
\a cdsLibManager->viewListBox->value = "layout"
\a cdsLibManager->viewLineEdit->value = "layout"
\a cdsLibManager->viewListBox->value = "schematic"
\a cdsLibManager->viewLineEdit->value = "schematic"
\a cdsLibManager->viewListBox->value = nil
\a cdsLibManager->viewLineEdit->value = ""
\a cdsLibManager->viewListBox->value = "schematic"
\a cdsLibManager->viewLineEdit->value = "schematic"
\o MPS request: edit design
\a nrListItemAction(cdsLibManager->gdmXTView 2 0)
\a nrSetCurrentWindow(cdsLibManager)
\a nrSetCurrentWindow(cdsLibManager)
\a _lmgrCloseIconify("cdsLibManager" 1)
\a nrResizeWindow(cdsLibManager list(0 0 602 486))
\o MPS service: shutdown
\o libManager is exiting.
\a nrSetWindowVisibility(cdsLibManager "hide")
\a exit(0)
