********************************************************************************
Product   : Virtuoso(R) XStream Out
Program   : @(#)$CDS: strmout version 6.1.7-64b 07/14/2017 22:29 (sjfhw304) $
          : sub-version  IC6.1.7-64b.500.13 
Started at: 10-Mar-2020  17:10:52
User Name : farooq
Host Name : eeapps01.seas.ucla.edu
Directory : /w/home.15/ee/ugrad/farooq/ee115c
CADENCE Design Systems, Inc.
********************************************************************************
Info: Cellview Rev Num:99,  Tech Rev Num:59

INFO (XSTRM-217): Reading the layer map file, /w/apps2/public.2/tech/cadence/90nm/gpdk090_v4.6/libs.oa22/gpdk090/gpdk090.layermap
INFO (XSTRM-162): You have not used the viaMap option. If the OpenAccess design has native oaVia instances, use the -viaMap option for preserving oaVia instances in a Stream Out - Stream In round trip. Using the -viaMap option improves performance and VM usage of applications using the Streamed-In design.  For details on the viaMap option, refer to the "Design Data Translator's Reference" guide for XStream.

Summary of Options :
library                                 TB_PROJ
strmFile                                Abs_Value_Detector.gds
topCell                                 Abs_Value_Detector
view                                    layout
logFile                                 strmOut.log
techLib                                 gpdk090
layerMap                                /w/apps2/public.2/tech/cadence/90nm/gpdk090_v4.6/libs.oa22/gpdk090/gpdk090.layermap
case                                    Preserve
convertDot                              node

INFO (XSTRM-223): 1. Translating cellView gpdk090/M2_M1v/layout as STRUCTURE M2_M1v_CDNS_583885452460.
INFO (XSTRM-223): 2. Translating cellView gpdk090/M3_M2v/layout as STRUCTURE M3_M2v_CDNS_583885452461.
INFO (XSTRM-223): 3. Translating cellView gpdk090/M3_M2v/layout as STRUCTURE M3_M2v_CDNS_583885452462.
INFO (XSTRM-223): 4. Translating cellView gpdk090/M2_M1v/layout as STRUCTURE M2_M1v_CDNS_583885452463.
INFO (XSTRM-223): 5. Translating cellView gpdk090/M3_M2v/layout as STRUCTURE M3_M2v_CDNS_583885452464.
INFO (XSTRM-223): 6. Translating cellView gpdk090/M2_M1v/layout as STRUCTURE M2_M1v_CDNS_583885452465.
INFO (XSTRM-223): 7. Translating cellView gpdk090/M4_M3v/layout as STRUCTURE M4_M3v_CDNS_583885452466.
INFO (XSTRM-223): 8. Translating cellView gpdk090/M4_M3v/layout as STRUCTURE M4_M3v_CDNS_583885452467.
INFO (XSTRM-223): 9. Translating cellView gpdk090/M4_M3v/layout as STRUCTURE M4_M3v_CDNS_583885452468.
INFO (XSTRM-223): 10. Translating cellView gpdk090/M3_M2v/layout as STRUCTURE M3_M2v_CDNS_583885452469.
INFO (XSTRM-223): 11. Translating cellView gpdk090/M3_M2/layout as STRUCTURE M3_M2_CDNS_5838854524610.
ERROR (XSTRM-341): The translation stopped for the following reason: Cannot open design tb_project/magnitude_detector/layout: "Library tb_project not found.". Ensure that the specified cellview exists on disk and that you have permission to open it, then run the translation again.
INFO (XSTRM-273): Translation failed. '1' error(s) and '0' warning(s) found.
